<?xml version="1.0" encoding="UTF-8"?>
<!-- Generated by org.testng.reporters.JUnitReportReporter -->
<testsuite hostname="DESKTOP-SG9I1N5" failures="0" tests="2" name="Button.DoubleClick" time="20.307" errors="0" timestamp="2024-05-23T10:31:25 IST" skipped="0">
  <testcase classname="Button.DoubleClick" name="beforeClass" time="14.299"/>
  <system-out/>
  <testcase classname="Button.DoubleClick" name="doubleClick" time="6.008"/>
  <system-out/>
</testsuite> <!-- Button.DoubleClick -->
