<?xml version="1.0" encoding="UTF-8"?>
<!-- Generated by org.testng.reporters.JUnitReportReporter -->
<testsuite hostname="DESKTOP-SG9I1N5" failures="0" tests="1" name="WebElement.BaseClassDemoSite" time="9.619" errors="0" timestamp="2024-05-23T09:29:07 IST" skipped="0">
  <testcase classname="WebElement.BaseClassDemoSite" name="beforeClass" time="9.619"/>
  <system-out/>
</testsuite> <!-- WebElement.BaseClassDemoSite -->
