<?xml version="1.0" encoding="UTF-8"?>
<!-- Generated by org.testng.reporters.JUnitReportReporter -->
<testsuite hostname="DESKTOP-SG9I1N5" failures="0" tests="1" name="Button.BaseClass" time="22.181" errors="0" timestamp="2024-05-23T10:31:25 IST" skipped="0">
  <testcase classname="Button.BaseClass" name="beforeClass" time="22.181"/>
  <system-out/>
</testsuite> <!-- Button.BaseClass -->
