<?xml version="1.0" encoding="UTF-8"?>
<!-- Generated by org.testng.reporters.JUnitReportReporter -->
<testsuite hostname="DESKTOP-SG9I1N5" failures="0" tests="2" name="WebElement.TextBox" time="15.860" errors="0" timestamp="2024-05-22T13:18:15 IST" skipped="0">
  <testcase classname="WebElement.TextBox" name="enterintoTexBox" time="6.993"/>
  <system-out/>
  <testcase classname="WebElement.TextBox" name="beforeClass" time="8.867"/>
  <system-out/>
</testsuite> <!-- WebElement.TextBox -->
